  LeastSquares.cpp
  RMSD.cpp
  ScoringFunction.cpp
  InputParams.cpp
  LogFile.cpp
  ProteinManager.cpp
  CSVFile.cpp
  DataFrame.cpp
  FoldersFiles.cpp
  StringManip.cpp
  GeoCloud.cpp
  GeoCoords.cpp
  GeoShape.cpp
  GeoPlane.cpp
  GeoTransformation.cpp
  GeoVector.cpp
  ProbabilityDistribution.cpp
  AminoAcid.cpp
  Atom.cpp
  Chain.cpp
  Generating Code...
  Compiling...
  FASTAFile.cpp
  HetAtom.cpp
  NucleicAcid.cpp
  PDBFile.cpp
  ProteinStructure.cpp
  Torsion.cpp
  CAlphaReport.cpp
  GeometricalAggregationReport.cpp
  GeometryObservation.cpp
  RamaReport.cpp
  RMSDReport.cpp
  GeometricalDataReport.cpp
  MSC-ContactMap.cpp
  Generating Code...
  MSC-ContactMap.vcxproj -> F:\PSUA\Code\PSU-ALPHA\Debug\MSC-ContactMap.exe
