f:\psua\code\psu-alpha\msc-contactmap\debug\vc142.pdb
f:\psua\code\psu-alpha\msc-contactmap\debug\vc142.idb
f:\psua\code\psu-alpha\msc-contactmap\debug\chain.obj
f:\psua\code\psu-alpha\msc-contactmap\debug\atom.obj
f:\psua\code\psu-alpha\msc-contactmap\debug\aminoacid.obj
f:\psua\code\psu-alpha\msc-contactmap\debug\probabilitydistribution.obj
f:\psua\code\psu-alpha\msc-contactmap\debug\geovector.obj
f:\psua\code\psu-alpha\msc-contactmap\debug\geotransformation.obj
f:\psua\code\psu-alpha\msc-contactmap\debug\geoplane.obj
f:\psua\code\psu-alpha\msc-contactmap\debug\geoshape.obj
f:\psua\code\psu-alpha\msc-contactmap\debug\geocoords.obj
f:\psua\code\psu-alpha\msc-contactmap\debug\geocloud.obj
f:\psua\code\psu-alpha\msc-contactmap\debug\stringmanip.obj
f:\psua\code\psu-alpha\msc-contactmap\debug\foldersfiles.obj
f:\psua\code\psu-alpha\msc-contactmap\debug\dataframe.obj
f:\psua\code\psu-alpha\msc-contactmap\debug\csvfile.obj
f:\psua\code\psu-alpha\msc-contactmap\debug\proteinmanager.obj
f:\psua\code\psu-alpha\msc-contactmap\debug\logfile.obj
f:\psua\code\psu-alpha\msc-contactmap\debug\inputparams.obj
f:\psua\code\psu-alpha\msc-contactmap\debug\scoringfunction.obj
f:\psua\code\psu-alpha\msc-contactmap\debug\rmsd.obj
f:\psua\code\psu-alpha\msc-contactmap\debug\leastsquares.obj
f:\psua\code\psu-alpha\msc-contactmap\debug\msc-contactmap.obj
f:\psua\code\psu-alpha\msc-contactmap\debug\geometricaldatareport.obj
f:\psua\code\psu-alpha\msc-contactmap\debug\rmsdreport.obj
f:\psua\code\psu-alpha\msc-contactmap\debug\ramareport.obj
f:\psua\code\psu-alpha\msc-contactmap\debug\geometryobservation.obj
f:\psua\code\psu-alpha\msc-contactmap\debug\geometricalaggregationreport.obj
f:\psua\code\psu-alpha\msc-contactmap\debug\calphareport.obj
f:\psua\code\psu-alpha\msc-contactmap\debug\torsion.obj
f:\psua\code\psu-alpha\msc-contactmap\debug\proteinstructure.obj
f:\psua\code\psu-alpha\msc-contactmap\debug\pdbfile.obj
f:\psua\code\psu-alpha\msc-contactmap\debug\nucleicacid.obj
f:\psua\code\psu-alpha\msc-contactmap\debug\hetatom.obj
f:\psua\code\psu-alpha\msc-contactmap\debug\fastafile.obj
f:\psua\code\psu-alpha\debug\msc-contactmap.ilk
f:\psua\code\psu-alpha\debug\msc-contactmap.exe
f:\psua\code\psu-alpha\debug\msc-contactmap.pdb
f:\psua\code\psu-alpha\msc-contactmap\debug\msc-contactmap.tlog\cl.command.1.tlog
f:\psua\code\psu-alpha\msc-contactmap\debug\msc-contactmap.tlog\cl.read.1.tlog
f:\psua\code\psu-alpha\msc-contactmap\debug\msc-contactmap.tlog\cl.write.1.tlog
f:\psua\code\psu-alpha\msc-contactmap\debug\msc-contactmap.tlog\link.command.1.tlog
f:\psua\code\psu-alpha\msc-contactmap\debug\msc-contactmap.tlog\link.read.1.tlog
f:\psua\code\psu-alpha\msc-contactmap\debug\msc-contactmap.tlog\link.write.1.tlog
