f:\psua\code\psu-alpha\msc-createpdbgeometry\debug\vc142.pdb
f:\psua\code\psu-alpha\msc-createpdbgeometry\debug\vc142.idb
f:\psua\code\psu-alpha\msc-createpdbgeometry\debug\chain.nativecodeanalysis.sarif
f:\psua\code\psu-alpha\msc-createpdbgeometry\debug\chain.nativecodeanalysis.xml
f:\psua\code\psu-alpha\msc-createpdbgeometry\debug\atom.nativecodeanalysis.sarif
f:\psua\code\psu-alpha\msc-createpdbgeometry\debug\atom.nativecodeanalysis.xml
f:\psua\code\psu-alpha\msc-createpdbgeometry\debug\aminoacid.nativecodeanalysis.sarif
f:\psua\code\psu-alpha\msc-createpdbgeometry\debug\aminoacid.nativecodeanalysis.xml
f:\psua\code\psu-alpha\msc-createpdbgeometry\debug\probabilitydistribution.nativecodeanalysis.sarif
f:\psua\code\psu-alpha\msc-createpdbgeometry\debug\probabilitydistribution.nativecodeanalysis.xml
f:\psua\code\psu-alpha\msc-createpdbgeometry\debug\geovector.nativecodeanalysis.sarif
f:\psua\code\psu-alpha\msc-createpdbgeometry\debug\geovector.nativecodeanalysis.xml
f:\psua\code\psu-alpha\msc-createpdbgeometry\debug\geotransformation.nativecodeanalysis.sarif
f:\psua\code\psu-alpha\msc-createpdbgeometry\debug\geotransformation.nativecodeanalysis.xml
f:\psua\code\psu-alpha\msc-createpdbgeometry\debug\geoplane.nativecodeanalysis.sarif
f:\psua\code\psu-alpha\msc-createpdbgeometry\debug\geoplane.nativecodeanalysis.xml
f:\psua\code\psu-alpha\msc-createpdbgeometry\debug\geoshape.nativecodeanalysis.sarif
f:\psua\code\psu-alpha\msc-createpdbgeometry\debug\geoshape.nativecodeanalysis.xml
f:\psua\code\psu-alpha\msc-createpdbgeometry\debug\geocoords.nativecodeanalysis.sarif
f:\psua\code\psu-alpha\msc-createpdbgeometry\debug\geocoords.nativecodeanalysis.xml
f:\psua\code\psu-alpha\msc-createpdbgeometry\debug\geocloud.nativecodeanalysis.sarif
f:\psua\code\psu-alpha\msc-createpdbgeometry\debug\geocloud.nativecodeanalysis.xml
f:\psua\code\psu-alpha\msc-createpdbgeometry\debug\proteinmanager.nativecodeanalysis.sarif
f:\psua\code\psu-alpha\msc-createpdbgeometry\debug\proteinmanager.nativecodeanalysis.xml
f:\psua\code\psu-alpha\msc-createpdbgeometry\debug\logfile.nativecodeanalysis.sarif
f:\psua\code\psu-alpha\msc-createpdbgeometry\debug\logfile.nativecodeanalysis.xml
f:\psua\code\psu-alpha\msc-createpdbgeometry\debug\inputparams.nativecodeanalysis.sarif
f:\psua\code\psu-alpha\msc-createpdbgeometry\debug\inputparams.nativecodeanalysis.xml
f:\psua\code\psu-alpha\msc-createpdbgeometry\debug\stringmanip.nativecodeanalysis.sarif
f:\psua\code\psu-alpha\msc-createpdbgeometry\debug\stringmanip.nativecodeanalysis.xml
f:\psua\code\psu-alpha\msc-createpdbgeometry\debug\foldersfiles.nativecodeanalysis.sarif
f:\psua\code\psu-alpha\msc-createpdbgeometry\debug\foldersfiles.nativecodeanalysis.xml
f:\psua\code\psu-alpha\msc-createpdbgeometry\debug\dataframe.nativecodeanalysis.sarif
f:\psua\code\psu-alpha\msc-createpdbgeometry\debug\dataframe.nativecodeanalysis.xml
f:\psua\code\psu-alpha\msc-createpdbgeometry\debug\csvfile.nativecodeanalysis.sarif
f:\psua\code\psu-alpha\msc-createpdbgeometry\debug\csvfile.nativecodeanalysis.xml
f:\psua\code\psu-alpha\msc-createpdbgeometry\debug\scoringfunction.nativecodeanalysis.sarif
f:\psua\code\psu-alpha\msc-createpdbgeometry\debug\scoringfunction.nativecodeanalysis.xml
f:\psua\code\psu-alpha\msc-createpdbgeometry\debug\rmsd.nativecodeanalysis.sarif
f:\psua\code\psu-alpha\msc-createpdbgeometry\debug\rmsd.nativecodeanalysis.xml
f:\psua\code\psu-alpha\msc-createpdbgeometry\debug\leastsquares.nativecodeanalysis.sarif
f:\psua\code\psu-alpha\msc-createpdbgeometry\debug\leastsquares.nativecodeanalysis.xml
f:\psua\code\psu-alpha\msc-createpdbgeometry\debug\leastsquares.obj
f:\psua\code\psu-alpha\msc-createpdbgeometry\debug\rmsd.obj
f:\psua\code\psu-alpha\msc-createpdbgeometry\debug\scoringfunction.obj
f:\psua\code\psu-alpha\msc-createpdbgeometry\debug\csvfile.obj
f:\psua\code\psu-alpha\msc-createpdbgeometry\debug\dataframe.obj
f:\psua\code\psu-alpha\msc-createpdbgeometry\debug\foldersfiles.obj
f:\psua\code\psu-alpha\msc-createpdbgeometry\debug\stringmanip.obj
f:\psua\code\psu-alpha\msc-createpdbgeometry\debug\inputparams.obj
f:\psua\code\psu-alpha\msc-createpdbgeometry\debug\logfile.obj
f:\psua\code\psu-alpha\msc-createpdbgeometry\debug\proteinmanager.obj
f:\psua\code\psu-alpha\msc-createpdbgeometry\debug\geocloud.obj
f:\psua\code\psu-alpha\msc-createpdbgeometry\debug\geocoords.obj
f:\psua\code\psu-alpha\msc-createpdbgeometry\debug\geoshape.obj
f:\psua\code\psu-alpha\msc-createpdbgeometry\debug\geoplane.obj
f:\psua\code\psu-alpha\msc-createpdbgeometry\debug\geotransformation.obj
f:\psua\code\psu-alpha\msc-createpdbgeometry\debug\geovector.obj
f:\psua\code\psu-alpha\msc-createpdbgeometry\debug\probabilitydistribution.obj
f:\psua\code\psu-alpha\msc-createpdbgeometry\debug\aminoacid.obj
f:\psua\code\psu-alpha\msc-createpdbgeometry\debug\atom.obj
f:\psua\code\psu-alpha\msc-createpdbgeometry\debug\chain.obj
f:\psua\code\psu-alpha\msc-createpdbgeometry\debug\msc-createpdbgeometry.nativecodeanalysis.sarif
f:\psua\code\psu-alpha\msc-createpdbgeometry\debug\msc-createpdbgeometry.nativecodeanalysis.xml
f:\psua\code\psu-alpha\msc-createpdbgeometry\debug\geometricaldatareport.nativecodeanalysis.sarif
f:\psua\code\psu-alpha\msc-createpdbgeometry\debug\geometricaldatareport.nativecodeanalysis.xml
f:\psua\code\psu-alpha\msc-createpdbgeometry\debug\rmsdreport.nativecodeanalysis.sarif
f:\psua\code\psu-alpha\msc-createpdbgeometry\debug\rmsdreport.nativecodeanalysis.xml
f:\psua\code\psu-alpha\msc-createpdbgeometry\debug\ramareport.nativecodeanalysis.sarif
f:\psua\code\psu-alpha\msc-createpdbgeometry\debug\ramareport.nativecodeanalysis.xml
f:\psua\code\psu-alpha\msc-createpdbgeometry\debug\geometryobservation.nativecodeanalysis.sarif
f:\psua\code\psu-alpha\msc-createpdbgeometry\debug\geometryobservation.nativecodeanalysis.xml
f:\psua\code\psu-alpha\msc-createpdbgeometry\debug\geometricalaggregationreport.nativecodeanalysis.sarif
f:\psua\code\psu-alpha\msc-createpdbgeometry\debug\geometricalaggregationreport.nativecodeanalysis.xml
f:\psua\code\psu-alpha\msc-createpdbgeometry\debug\calphareport.nativecodeanalysis.sarif
f:\psua\code\psu-alpha\msc-createpdbgeometry\debug\calphareport.nativecodeanalysis.xml
f:\psua\code\psu-alpha\msc-createpdbgeometry\debug\torsion.nativecodeanalysis.sarif
f:\psua\code\psu-alpha\msc-createpdbgeometry\debug\torsion.nativecodeanalysis.xml
f:\psua\code\psu-alpha\msc-createpdbgeometry\debug\proteinstructure.nativecodeanalysis.sarif
f:\psua\code\psu-alpha\msc-createpdbgeometry\debug\proteinstructure.nativecodeanalysis.xml
f:\psua\code\psu-alpha\msc-createpdbgeometry\debug\pdbfile.nativecodeanalysis.sarif
f:\psua\code\psu-alpha\msc-createpdbgeometry\debug\pdbfile.nativecodeanalysis.xml
f:\psua\code\psu-alpha\msc-createpdbgeometry\debug\nucleicacid.nativecodeanalysis.sarif
f:\psua\code\psu-alpha\msc-createpdbgeometry\debug\nucleicacid.nativecodeanalysis.xml
f:\psua\code\psu-alpha\msc-createpdbgeometry\debug\hetatom.nativecodeanalysis.sarif
f:\psua\code\psu-alpha\msc-createpdbgeometry\debug\hetatom.nativecodeanalysis.xml
f:\psua\code\psu-alpha\msc-createpdbgeometry\debug\fastafile.nativecodeanalysis.sarif
f:\psua\code\psu-alpha\msc-createpdbgeometry\debug\fastafile.nativecodeanalysis.xml
f:\psua\code\psu-alpha\msc-createpdbgeometry\debug\fastafile.obj
f:\psua\code\psu-alpha\msc-createpdbgeometry\debug\hetatom.obj
f:\psua\code\psu-alpha\msc-createpdbgeometry\debug\nucleicacid.obj
f:\psua\code\psu-alpha\msc-createpdbgeometry\debug\pdbfile.obj
f:\psua\code\psu-alpha\msc-createpdbgeometry\debug\proteinstructure.obj
f:\psua\code\psu-alpha\msc-createpdbgeometry\debug\torsion.obj
f:\psua\code\psu-alpha\msc-createpdbgeometry\debug\calphareport.obj
f:\psua\code\psu-alpha\msc-createpdbgeometry\debug\geometricalaggregationreport.obj
f:\psua\code\psu-alpha\msc-createpdbgeometry\debug\geometryobservation.obj
f:\psua\code\psu-alpha\msc-createpdbgeometry\debug\ramareport.obj
f:\psua\code\psu-alpha\msc-createpdbgeometry\debug\rmsdreport.obj
f:\psua\code\psu-alpha\msc-createpdbgeometry\debug\geometricaldatareport.obj
f:\psua\code\psu-alpha\msc-createpdbgeometry\debug\msc-createpdbgeometry.obj
f:\psua\code\psu-alpha\debug\msc-createpdbgeometry.ilk
f:\psua\code\psu-alpha\debug\msc-createpdbgeometry.exe
f:\psua\code\psu-alpha\debug\msc-createpdbgeometry.pdb
f:\psua\code\psu-alpha\msc-createpdbgeometry\debug\vc.nativecodeanalysis.all.xml
f:\psua\code\psu-alpha\msc-createpdbgeometry\debug\msc-crea.02071cbc.tlog\cl.command.1.tlog
f:\psua\code\psu-alpha\msc-createpdbgeometry\debug\msc-crea.02071cbc.tlog\cl.read.1.tlog
f:\psua\code\psu-alpha\msc-createpdbgeometry\debug\msc-crea.02071cbc.tlog\cl.write.1.tlog
f:\psua\code\psu-alpha\msc-createpdbgeometry\debug\msc-crea.02071cbc.tlog\link.command.1.tlog
f:\psua\code\psu-alpha\msc-createpdbgeometry\debug\msc-crea.02071cbc.tlog\link.read.1.tlog
f:\psua\code\psu-alpha\msc-createpdbgeometry\debug\msc-crea.02071cbc.tlog\link.write.1.tlog
