  LeastSquares.cpp
  RMSD.cpp
  InputParams.cpp
  LogFile.cpp
  ProteinManager.cpp
  GeoCloud.cpp
  GeoCoords.cpp
  GeoShape.cpp
  GeoPlane.cpp
  GeoTransformation.cpp
  GeoVector.cpp
  AminoAcid.cpp
  Atom.cpp
  Chain.cpp
  FASTAFile.cpp
  HetAtom.cpp
  PDBFile.cpp
  Torsion.cpp
  CAlphaReport.cpp
  RamaReport.cpp
  Compiling...
  RMSDReport.cpp
  StringManip.cpp
  PSU-ALPHA.cpp
  Generating code
  Previous IPDB not found, fall back to full compilation.
  All 1861 functions were compiled because no usable IPDB/IOBJ from previous compilation was found.
  Finished generating code
  PSU-ALPHA.vcxproj -> F:\PSUA\Code\PSU-ALPHA\Release\PSU-ALPHA.exe
