f:\psua\code\psu-alpha\msc-geometryaggregator\release\vc142.pdb
f:\psua\code\psu-alpha\msc-geometryaggregator\release\geometricalaggregationreport.obj
f:\psua\code\psu-alpha\msc-geometryaggregator\release\probabilitydistribution.obj
f:\psua\code\psu-alpha\msc-geometryaggregator\release\geovector.obj
f:\psua\code\psu-alpha\msc-geometryaggregator\release\geotransformation.obj
f:\psua\code\psu-alpha\msc-geometryaggregator\release\geoplane.obj
f:\psua\code\psu-alpha\msc-geometryaggregator\release\geoshape.obj
f:\psua\code\psu-alpha\msc-geometryaggregator\release\geocoords.obj
f:\psua\code\psu-alpha\msc-geometryaggregator\release\geocloud.obj
f:\psua\code\psu-alpha\msc-geometryaggregator\release\logfile.obj
f:\psua\code\psu-alpha\msc-geometryaggregator\release\inputparams.obj
f:\psua\code\psu-alpha\msc-geometryaggregator\release\stringmanip.obj
f:\psua\code\psu-alpha\msc-geometryaggregator\release\foldersfiles.obj
f:\psua\code\psu-alpha\msc-geometryaggregator\release\dataframe.obj
f:\psua\code\psu-alpha\msc-geometryaggregator\release\csvfile.obj
f:\psua\code\psu-alpha\msc-geometryaggregator\release\ramareport.obj
f:\psua\code\psu-alpha\msc-geometryaggregator\release\calphareport.obj
f:\psua\code\psu-alpha\msc-geometryaggregator\release\proteinmanager.obj
f:\psua\code\psu-alpha\msc-geometryaggregator\release\scoringfunction.obj
f:\psua\code\psu-alpha\msc-geometryaggregator\release\rmsd.obj
f:\psua\code\psu-alpha\msc-geometryaggregator\release\leastsquares.obj
f:\psua\code\psu-alpha\msc-geometryaggregator\release\msc-geometryaggregator.obj
f:\psua\code\psu-alpha\msc-geometryaggregator\release\torsion.obj
f:\psua\code\psu-alpha\msc-geometryaggregator\release\proteinstructure.obj
f:\psua\code\psu-alpha\msc-geometryaggregator\release\pdbfile.obj
f:\psua\code\psu-alpha\msc-geometryaggregator\release\nucleicacid.obj
f:\psua\code\psu-alpha\msc-geometryaggregator\release\hetatom.obj
f:\psua\code\psu-alpha\msc-geometryaggregator\release\fastafile.obj
f:\psua\code\psu-alpha\msc-geometryaggregator\release\chain.obj
f:\psua\code\psu-alpha\msc-geometryaggregator\release\atom.obj
f:\psua\code\psu-alpha\msc-geometryaggregator\release\aminoacid.obj
f:\psua\code\psu-alpha\msc-geometryaggregator\release\geometricaldatareport.obj
f:\psua\code\psu-alpha\msc-geometryaggregator\release\rmsdreport.obj
f:\psua\code\psu-alpha\msc-geometryaggregator\release\geometryobservation.obj
f:\psua\code\psu-alpha\release\msc-geometryaggregator.exe
f:\psua\code\psu-alpha\release\msc-geometryaggregator.pdb
f:\psua\code\psu-alpha\release\msc-geometryaggregator.ipdb
f:\psua\code\psu-alpha\release\msc-geometryaggregator.iobj
f:\psua\code\psu-alpha\msc-geometryaggregator\release\msc-geom.fc32f4e2.tlog\cl.command.1.tlog
f:\psua\code\psu-alpha\msc-geometryaggregator\release\msc-geom.fc32f4e2.tlog\cl.read.1.tlog
f:\psua\code\psu-alpha\msc-geometryaggregator\release\msc-geom.fc32f4e2.tlog\cl.write.1.tlog
f:\psua\code\psu-alpha\msc-geometryaggregator\release\msc-geom.fc32f4e2.tlog\link.command.1.tlog
f:\psua\code\psu-alpha\msc-geometryaggregator\release\msc-geom.fc32f4e2.tlog\link.delete.1.tlog
f:\psua\code\psu-alpha\msc-geometryaggregator\release\msc-geom.fc32f4e2.tlog\link.read.1.tlog
f:\psua\code\psu-alpha\msc-geometryaggregator\release\msc-geom.fc32f4e2.tlog\link.write.1.tlog
f:\psua\code\psu-alpha\msc-geometryaggregator\release\msc-geom.fc32f4e2.tlog\msc-geometryaggregator.write.1u.tlog
