  LeastSquares.cpp
  RMSD.cpp
  ScoringFunction.cpp
  ProteinManager.cpp
  AminoAcid.cpp
  Atom.cpp
  Chain.cpp
  PDBFile.cpp
  ProteinStructure.cpp
  Torsion.cpp
  CAlphaReport.cpp
  GeometricalDataReport.cpp
  RMSDReport.cpp
  RamaReport.cpp
  MSC-GeometryAggregator.cpp
  Generating code
  0 of 532 functions ( 0.0%) were compiled, the rest were copied from previous compilation.
    0 functions were new in current compilation
    4 functions had inline decision re-evaluated but remain unchanged
  Finished generating code
  MSC-GeometryAggregator.vcxproj -> F:\PSUA\Code\PSU-ALPHA\Release\MSC-GeometryAggregator.exe
