f:\psua\code\psu-alpha\msc-annotatehighreslist\release\vc142.pdb
f:\psua\code\psu-alpha\msc-annotatehighreslist\release\logfile.obj
f:\psua\code\psu-alpha\msc-annotatehighreslist\release\inputparams.obj
f:\psua\code\psu-alpha\msc-annotatehighreslist\release\hetatom.obj
f:\psua\code\psu-alpha\msc-annotatehighreslist\release\fastafile.obj
f:\psua\code\psu-alpha\msc-annotatehighreslist\release\stringmanip.obj
f:\psua\code\psu-alpha\msc-annotatehighreslist\release\foldersfiles.obj
f:\psua\code\psu-alpha\msc-annotatehighreslist\release\dataframe.obj
f:\psua\code\psu-alpha\msc-annotatehighreslist\release\csvfile.obj
f:\psua\code\psu-alpha\msc-annotatehighreslist\release\msc-annotatehighreslist.obj
f:\psua\code\psu-alpha\msc-annotatehighreslist\release\geovector.obj
f:\psua\code\psu-alpha\msc-annotatehighreslist\release\geotransformation.obj
f:\psua\code\psu-alpha\msc-annotatehighreslist\release\geoplane.obj
f:\psua\code\psu-alpha\msc-annotatehighreslist\release\geoshape.obj
f:\psua\code\psu-alpha\msc-annotatehighreslist\release\geocoords.obj
f:\psua\code\psu-alpha\msc-annotatehighreslist\release\geocloud.obj
f:\psua\code\psu-alpha\msc-annotatehighreslist\release\proteinmanager.obj
f:\psua\code\psu-alpha\msc-annotatehighreslist\release\torsion.obj
f:\psua\code\psu-alpha\msc-annotatehighreslist\release\pdbfile.obj
f:\psua\code\psu-alpha\msc-annotatehighreslist\release\chain.obj
f:\psua\code\psu-alpha\msc-annotatehighreslist\release\atom.obj
f:\psua\code\psu-alpha\msc-annotatehighreslist\release\aminoacid.obj
f:\psua\code\psu-alpha\msc-annotatehighreslist\release\probabilitydistribution.obj
f:\psua\code\psu-alpha\msc-annotatehighreslist\release\nucleicacid.obj
f:\psua\code\psu-alpha\msc-annotatehighreslist\release\proteinstructure.obj
f:\psua\code\psu-alpha\release\msc-annotatehighreslist.exe
f:\psua\code\psu-alpha\release\msc-annotatehighreslist.pdb
f:\psua\code\psu-alpha\release\msc-annotatehighreslist.ipdb
f:\psua\code\psu-alpha\release\msc-annotatehighreslist.iobj
f:\psua\code\psu-alpha\msc-annotatehighreslist\release\msc-anno.1d465baa.tlog\cl.command.1.tlog
f:\psua\code\psu-alpha\msc-annotatehighreslist\release\msc-anno.1d465baa.tlog\cl.read.1.tlog
f:\psua\code\psu-alpha\msc-annotatehighreslist\release\msc-anno.1d465baa.tlog\cl.write.1.tlog
f:\psua\code\psu-alpha\msc-annotatehighreslist\release\msc-anno.1d465baa.tlog\link.command.1.tlog
f:\psua\code\psu-alpha\msc-annotatehighreslist\release\msc-anno.1d465baa.tlog\link.delete.1.tlog
f:\psua\code\psu-alpha\msc-annotatehighreslist\release\msc-anno.1d465baa.tlog\link.read.1.tlog
f:\psua\code\psu-alpha\msc-annotatehighreslist\release\msc-anno.1d465baa.tlog\link.write.1.tlog
f:\psua\code\psu-alpha\msc-annotatehighreslist\release\msc-anno.1d465baa.tlog\msc-annotatehighreslist.write.1u.tlog
