f:\psua\code\psu-alpha\msc-geometryaggregator\debug\vc142.pdb
f:\psua\code\psu-alpha\msc-geometryaggregator\debug\vc142.idb
f:\psua\code\psu-alpha\msc-geometryaggregator\debug\geometryobservation.obj
f:\psua\code\psu-alpha\msc-geometryaggregator\debug\geometricalaggregationreport.obj
f:\psua\code\psu-alpha\msc-geometryaggregator\debug\calphareport.obj
f:\psua\code\psu-alpha\msc-geometryaggregator\debug\probabilitydistribution.obj
f:\psua\code\psu-alpha\msc-geometryaggregator\debug\geovector.obj
f:\psua\code\psu-alpha\msc-geometryaggregator\debug\geotransformation.obj
f:\psua\code\psu-alpha\msc-geometryaggregator\debug\geoplane.obj
f:\psua\code\psu-alpha\msc-geometryaggregator\debug\geoshape.obj
f:\psua\code\psu-alpha\msc-geometryaggregator\debug\geocoords.obj
f:\psua\code\psu-alpha\msc-geometryaggregator\debug\geocloud.obj
f:\psua\code\psu-alpha\msc-geometryaggregator\debug\proteinmanager.obj
f:\psua\code\psu-alpha\msc-geometryaggregator\debug\logfile.obj
f:\psua\code\psu-alpha\msc-geometryaggregator\debug\inputparams.obj
f:\psua\code\psu-alpha\msc-geometryaggregator\debug\stringmanip.obj
f:\psua\code\psu-alpha\msc-geometryaggregator\debug\foldersfiles.obj
f:\psua\code\psu-alpha\msc-geometryaggregator\debug\dataframe.obj
f:\psua\code\psu-alpha\msc-geometryaggregator\debug\csvfile.obj
f:\psua\code\psu-alpha\msc-geometryaggregator\debug\scoringfunction.obj
f:\psua\code\psu-alpha\msc-geometryaggregator\debug\rmsd.obj
f:\psua\code\psu-alpha\msc-geometryaggregator\debug\leastsquares.obj
f:\psua\code\psu-alpha\msc-geometryaggregator\debug\msc-geometryaggregator.obj
f:\psua\code\psu-alpha\msc-geometryaggregator\debug\torsion.obj
f:\psua\code\psu-alpha\msc-geometryaggregator\debug\proteinstructure.obj
f:\psua\code\psu-alpha\msc-geometryaggregator\debug\pdbfile.obj
f:\psua\code\psu-alpha\msc-geometryaggregator\debug\nucleicacid.obj
f:\psua\code\psu-alpha\msc-geometryaggregator\debug\hetatom.obj
f:\psua\code\psu-alpha\msc-geometryaggregator\debug\fastafile.obj
f:\psua\code\psu-alpha\msc-geometryaggregator\debug\chain.obj
f:\psua\code\psu-alpha\msc-geometryaggregator\debug\atom.obj
f:\psua\code\psu-alpha\msc-geometryaggregator\debug\geometricaldatareport.obj
f:\psua\code\psu-alpha\msc-geometryaggregator\debug\rmsdreport.obj
f:\psua\code\psu-alpha\msc-geometryaggregator\debug\ramareport.obj
f:\psua\code\psu-alpha\msc-geometryaggregator\debug\aminoacid.obj
f:\psua\code\psu-alpha\debug\msc-geometryaggregator.exe
f:\psua\code\psu-alpha\debug\msc-geometryaggregator.ilk
f:\psua\code\psu-alpha\debug\msc-geometryaggregator.pdb
f:\psua\code\psu-alpha\msc-geometryaggregator\debug\msc-geom.fc32f4e2.tlog\cl.command.1.tlog
f:\psua\code\psu-alpha\msc-geometryaggregator\debug\msc-geom.fc32f4e2.tlog\cl.read.1.tlog
f:\psua\code\psu-alpha\msc-geometryaggregator\debug\msc-geom.fc32f4e2.tlog\cl.write.1.tlog
f:\psua\code\psu-alpha\msc-geometryaggregator\debug\msc-geom.fc32f4e2.tlog\link.command.1.tlog
f:\psua\code\psu-alpha\msc-geometryaggregator\debug\msc-geom.fc32f4e2.tlog\link.read.1.tlog
f:\psua\code\psu-alpha\msc-geometryaggregator\debug\msc-geom.fc32f4e2.tlog\link.write.1.tlog
