f:\psua\code\psu-alpha\msc-highreslist\release\vc142.pdb
f:\psua\code\psu-alpha\msc-highreslist\release\msc-highreslist.obj
f:\psua\code\psu-alpha\msc-highreslist\release\foldersfiles.obj
f:\psua\code\psu-alpha\msc-highreslist\release\datafile.obj
f:\psua\code\psu-alpha\msc-highreslist\release\dataframe.obj
f:\psua\code\psu-alpha\msc-highreslist\release\stringmanip.obj
f:\psua\code\psu-alpha\msc-highreslist\release\csvfile.obj
f:\psua\code\psu-alpha\msc-highreslist\release\hetatom.obj
f:\psua\code\psu-alpha\msc-highreslist\release\fastafile.obj
f:\psua\code\psu-alpha\msc-highreslist\release\probabilitydistribution.obj
f:\psua\code\psu-alpha\msc-highreslist\release\geovector.obj
f:\psua\code\psu-alpha\msc-highreslist\release\geoplane.obj
f:\psua\code\psu-alpha\msc-highreslist\release\geoshape.obj
f:\psua\code\psu-alpha\msc-highreslist\release\geocoords.obj
f:\psua\code\psu-alpha\msc-highreslist\release\chain.obj
f:\psua\code\psu-alpha\msc-highreslist\release\logfile.obj
f:\psua\code\psu-alpha\msc-highreslist\release\inputparams.obj
f:\psua\code\psu-alpha\msc-highreslist\release\geotransformation.obj
f:\psua\code\psu-alpha\msc-highreslist\release\geocloud.obj
f:\psua\code\psu-alpha\msc-highreslist\release\torsion.obj
f:\psua\code\psu-alpha\msc-highreslist\release\pdbfile.obj
f:\psua\code\psu-alpha\msc-highreslist\release\atom.obj
f:\psua\code\psu-alpha\msc-highreslist\release\aminoacid.obj
f:\psua\code\psu-alpha\msc-highreslist\release\proteinmanager.obj
f:\psua\code\psu-alpha\release\msc-highreslist.exe
f:\psua\code\psu-alpha\release\msc-highreslist.pdb
f:\psua\code\psu-alpha\release\msc-highreslist.ipdb
f:\psua\code\psu-alpha\release\msc-highreslist.iobj
f:\psua\code\psu-alpha\msc-highreslist\release\msc-highreslist.tlog\cl.command.1.tlog
f:\psua\code\psu-alpha\msc-highreslist\release\msc-highreslist.tlog\cl.read.1.tlog
f:\psua\code\psu-alpha\msc-highreslist\release\msc-highreslist.tlog\cl.write.1.tlog
f:\psua\code\psu-alpha\msc-highreslist\release\msc-highreslist.tlog\link.command.1.tlog
f:\psua\code\psu-alpha\msc-highreslist\release\msc-highreslist.tlog\link.delete.1.tlog
f:\psua\code\psu-alpha\msc-highreslist\release\msc-highreslist.tlog\link.read.1.tlog
f:\psua\code\psu-alpha\msc-highreslist\release\msc-highreslist.tlog\link.write.1.tlog
f:\psua\code\psu-alpha\msc-highreslist\release\msc-highreslist.tlog\msc-highreslist.write.1u.tlog
