f:\psua\code\psu-alpha\msc-annotatehighreslist\debug\vc142.pdb
f:\psua\code\psu-alpha\msc-annotatehighreslist\debug\vc142.idb
f:\psua\code\psu-alpha\msc-annotatehighreslist\debug\geoplane.obj
f:\psua\code\psu-alpha\msc-annotatehighreslist\debug\geoshape.obj
f:\psua\code\psu-alpha\msc-annotatehighreslist\debug\geocoords.obj
f:\psua\code\psu-alpha\msc-annotatehighreslist\debug\geocloud.obj
f:\psua\code\psu-alpha\msc-annotatehighreslist\debug\proteinmanager.obj
f:\psua\code\psu-alpha\msc-annotatehighreslist\debug\logfile.obj
f:\psua\code\psu-alpha\msc-annotatehighreslist\debug\inputparams.obj
f:\psua\code\psu-alpha\msc-annotatehighreslist\debug\torsion.obj
f:\psua\code\psu-alpha\msc-annotatehighreslist\debug\proteinstructure.obj
f:\psua\code\psu-alpha\msc-annotatehighreslist\debug\pdbfile.obj
f:\psua\code\psu-alpha\msc-annotatehighreslist\debug\nucleicacid.obj
f:\psua\code\psu-alpha\msc-annotatehighreslist\debug\hetatom.obj
f:\psua\code\psu-alpha\msc-annotatehighreslist\debug\fastafile.obj
f:\psua\code\psu-alpha\msc-annotatehighreslist\debug\chain.obj
f:\psua\code\psu-alpha\msc-annotatehighreslist\debug\atom.obj
f:\psua\code\psu-alpha\msc-annotatehighreslist\debug\stringmanip.obj
f:\psua\code\psu-alpha\msc-annotatehighreslist\debug\foldersfiles.obj
f:\psua\code\psu-alpha\msc-annotatehighreslist\debug\dataframe.obj
f:\psua\code\psu-alpha\msc-annotatehighreslist\debug\csvfile.obj
f:\psua\code\psu-alpha\msc-annotatehighreslist\debug\msc-annotatehighreslist.obj
f:\psua\code\psu-alpha\msc-annotatehighreslist\debug\probabilitydistribution.obj
f:\psua\code\psu-alpha\msc-annotatehighreslist\debug\geovector.obj
f:\psua\code\psu-alpha\msc-annotatehighreslist\debug\geotransformation.obj
f:\psua\code\psu-alpha\msc-annotatehighreslist\debug\aminoacid.obj
f:\psua\code\psu-alpha\debug\msc-annotatehighreslist.exe
f:\psua\code\psu-alpha\debug\msc-annotatehighreslist.ilk
f:\psua\code\psu-alpha\debug\msc-annotatehighreslist.pdb
f:\psua\code\psu-alpha\msc-annotatehighreslist\debug\msc-anno.1d465baa.tlog\cl.command.1.tlog
f:\psua\code\psu-alpha\msc-annotatehighreslist\debug\msc-anno.1d465baa.tlog\cl.read.1.tlog
f:\psua\code\psu-alpha\msc-annotatehighreslist\debug\msc-anno.1d465baa.tlog\cl.write.1.tlog
f:\psua\code\psu-alpha\msc-annotatehighreslist\debug\msc-anno.1d465baa.tlog\link.command.1.tlog
f:\psua\code\psu-alpha\msc-annotatehighreslist\debug\msc-anno.1d465baa.tlog\link.read.1.tlog
f:\psua\code\psu-alpha\msc-annotatehighreslist\debug\msc-anno.1d465baa.tlog\link.write.1.tlog
