f:\psua\code\psu-alpha\msc-createpdbgeometry\release\vc142.pdb
f:\psua\code\psu-alpha\msc-createpdbgeometry\release\chain.obj
f:\psua\code\psu-alpha\msc-createpdbgeometry\release\atom.obj
f:\psua\code\psu-alpha\msc-createpdbgeometry\release\aminoacid.obj
f:\psua\code\psu-alpha\msc-createpdbgeometry\release\probabilitydistribution.obj
f:\psua\code\psu-alpha\msc-createpdbgeometry\release\geovector.obj
f:\psua\code\psu-alpha\msc-createpdbgeometry\release\geotransformation.obj
f:\psua\code\psu-alpha\msc-createpdbgeometry\release\geoplane.obj
f:\psua\code\psu-alpha\msc-createpdbgeometry\release\geoshape.obj
f:\psua\code\psu-alpha\msc-createpdbgeometry\release\geocoords.obj
f:\psua\code\psu-alpha\msc-createpdbgeometry\release\geocloud.obj
f:\psua\code\psu-alpha\msc-createpdbgeometry\release\proteinmanager.obj
f:\psua\code\psu-alpha\msc-createpdbgeometry\release\logfile.obj
f:\psua\code\psu-alpha\msc-createpdbgeometry\release\inputparams.obj
f:\psua\code\psu-alpha\msc-createpdbgeometry\release\stringmanip.obj
f:\psua\code\psu-alpha\msc-createpdbgeometry\release\foldersfiles.obj
f:\psua\code\psu-alpha\msc-createpdbgeometry\release\dataframe.obj
f:\psua\code\psu-alpha\msc-createpdbgeometry\release\csvfile.obj
f:\psua\code\psu-alpha\msc-createpdbgeometry\release\scoringfunction.obj
f:\psua\code\psu-alpha\msc-createpdbgeometry\release\rmsd.obj
f:\psua\code\psu-alpha\msc-createpdbgeometry\release\leastsquares.obj
f:\psua\code\psu-alpha\msc-createpdbgeometry\release\msc-createpdbgeometry.obj
f:\psua\code\psu-alpha\msc-createpdbgeometry\release\geometricaldatareport.obj
f:\psua\code\psu-alpha\msc-createpdbgeometry\release\rmsdreport.obj
f:\psua\code\psu-alpha\msc-createpdbgeometry\release\ramareport.obj
f:\psua\code\psu-alpha\msc-createpdbgeometry\release\geometricalaggregationreport.obj
f:\psua\code\psu-alpha\msc-createpdbgeometry\release\calphareport.obj
f:\psua\code\psu-alpha\msc-createpdbgeometry\release\torsion.obj
f:\psua\code\psu-alpha\msc-createpdbgeometry\release\proteinstructure.obj
f:\psua\code\psu-alpha\msc-createpdbgeometry\release\pdbfile.obj
f:\psua\code\psu-alpha\msc-createpdbgeometry\release\nucleicacid.obj
f:\psua\code\psu-alpha\msc-createpdbgeometry\release\hetatom.obj
f:\psua\code\psu-alpha\msc-createpdbgeometry\release\fastafile.obj
f:\psua\code\psu-alpha\msc-createpdbgeometry\release\geometryobservation.obj
f:\psua\code\psu-alpha\release\msc-createpdbgeometry.exe
f:\psua\code\psu-alpha\release\msc-createpdbgeometry.pdb
f:\psua\code\psu-alpha\release\msc-createpdbgeometry.ipdb
f:\psua\code\psu-alpha\release\msc-createpdbgeometry.iobj
f:\psua\code\psu-alpha\msc-createpdbgeometry\release\msc-crea.02071cbc.tlog\cl.command.1.tlog
f:\psua\code\psu-alpha\msc-createpdbgeometry\release\msc-crea.02071cbc.tlog\cl.read.1.tlog
f:\psua\code\psu-alpha\msc-createpdbgeometry\release\msc-crea.02071cbc.tlog\cl.write.1.tlog
f:\psua\code\psu-alpha\msc-createpdbgeometry\release\msc-crea.02071cbc.tlog\link.command.1.tlog
f:\psua\code\psu-alpha\msc-createpdbgeometry\release\msc-crea.02071cbc.tlog\link.delete.1.tlog
f:\psua\code\psu-alpha\msc-createpdbgeometry\release\msc-crea.02071cbc.tlog\link.read.1.tlog
f:\psua\code\psu-alpha\msc-createpdbgeometry\release\msc-crea.02071cbc.tlog\link.write.1.tlog
f:\psua\code\psu-alpha\msc-createpdbgeometry\release\msc-crea.02071cbc.tlog\msc-createpdbgeometry.write.1u.tlog
