  LeastSquares.cpp
  RMSD.cpp
  ScoringFunction.cpp
  CSVFile.cpp
  DataFrame.cpp
  FoldersFiles.cpp
  StringManip.cpp
  InputParams.cpp
  LogFile.cpp
  ProteinManager.cpp
  GeoCloud.cpp
  GeoCoords.cpp
  GeoShape.cpp
  GeoPlane.cpp
  GeoTransformation.cpp
  GeoVector.cpp
  ProbabilityDistribution.cpp
  AminoAcid.cpp
  Atom.cpp
  Chain.cpp
  Compiling...
  FASTAFile.cpp
  HetAtom.cpp
  NucleicAcid.cpp
  PDBFile.cpp
  ProteinStructure.cpp
  Torsion.cpp
  CAlphaReport.cpp
  GeometricalAggregationReport.cpp
  GeometryObservation.cpp
  RamaReport.cpp
  RMSDReport.cpp
  GeometricalDataReport.cpp
  MSC-CreatePDBGeometry.cpp
  The contents of <filesystem> are available only with C++17 or later.
  Generating code
  Previous IPDB was built with incompatible compiler, fall back to full compilation.
  All 1824 functions were compiled because no usable IPDB/IOBJ from previous compilation was found.
  Finished generating code
  MSC-CreatePDBGeometry.vcxproj -> F:\PSUA\Code\PSU-ALPHA\Release\MSC-CreatePDBGeometry.exe
